2023.04.04 12:44:18 INFO  Started: Metals version 0.11.11 in workspace '/Users/jkmvilla/Documents/Development/Projects/simple-photo-sharing' for client Visual Studio Code 1.76.0.[0m
SLF4J: No SLF4J providers were found.
SLF4J: Defaulting to no-operation (NOP) logger implementation
SLF4J: See https://www.slf4j.org/codes.html#noProviders for further details.
SLF4J: Class path contains SLF4J bindings targeting slf4j-api versions 1.7.x or earlier.
SLF4J: Ignoring binding found at [jar:file:/Users/jkmvilla/Library/Caches/Coursier/v1/https/repo1.maven.org/maven2/com/outr/scribe-slf4j_2.13/3.11.0/scribe-slf4j_2.13-3.11.0.jar!/org/slf4j/impl/StaticLoggerBinder.class]
SLF4J: See https://www.slf4j.org/codes.html#ignoredBindings for an explanation.
2023.04.04 12:44:21 INFO  time: initialize in 2.84s[0m
2023.04.04 12:44:23 WARN  Build server is not auto-connectable.[0m
2023.04.04 12:45:09 INFO  running '/usr/local/Cellar/openjdk@8/1.8.0+362/libexec/openjdk.jdk/Contents/Home/bin/java -Djline.terminal=jline.UnsupportedTerminal -Dsbt.log.noformat=true -Dfile.encoding=UTF-8 -jar /var/folders/tm/bvrythbx4gs9wddw4_pg70mr0000gp/T/metals3582901578377558116/sbt-launch.jar -Dbloop.export-jar-classifiers=sources bloopInstall'[0m
2023.04.04 12:45:09 WARN  no build target for: /Users/jkmvilla/Documents/Development/Projects/simple-photo-sharing/project/metals.sbt[0m
2023.04.04 12:45:09 WARN  no build target for: /Users/jkmvilla/Documents/Development/Projects/simple-photo-sharing/project/project/metals.sbt[0m
2023.04.04 12:45:09 INFO  skipping build import with status 'Started'[0m
2023.04.04 12:45:11 WARN  no build target for: /Users/jkmvilla/Documents/Development/Projects/simple-photo-sharing/build.sbt[0m
2023.04.04 12:45:19 INFO  [info] welcome to sbt 1.7.2 (Homebrew Java 1.8.0_362)[0m
2023.04.04 12:45:22 INFO  no build target found for /Users/jkmvilla/Documents/Development/Projects/simple-photo-sharing/project/project/metals.sbt. Using presentation compiler with project's scala-library version: 3.2.2[0m
2023.04.04 12:45:34 INFO  [info] loading settings for project simple-photo-sharing-build-build-build from metals.sbt ...[0m
2023.04.04 12:45:36 INFO  time: code lens generation in 9.42s[0m
2023.04.04 12:45:36 INFO  time: code lens generation in 7.86s[0m
2023.04.04 12:45:36 INFO  time: code lens generation in 3.92s[0m
2023.04.04 12:45:36 INFO  time: code lens generation in 6.46s[0m
2023.04.04 12:45:36 INFO  time: code lens generation in 2.6s[0m
2023.04.04 12:45:36 INFO  time: code lens generation in 12s[0m
2023.04.04 12:45:36 INFO  time: code lens generation in 21s[0m
2023.04.04 12:45:36 INFO  time: code lens generation in 5.87s[0m
2023.04.04 12:45:36 INFO  time: code lens generation in 1.11s[0m
2023.04.04 12:45:38 INFO  [info] loading project definition from /Users/jkmvilla/Documents/Development/Projects/simple-photo-sharing/project/project/project[0m
2023.04.04 12:45:46 INFO  [info] loading settings for project simple-photo-sharing-build-build from metals.sbt ...[0m
2023.04.04 12:45:46 INFO  [info] loading project definition from /Users/jkmvilla/Documents/Development/Projects/simple-photo-sharing/project/project[0m
2023.04.04 12:45:52 INFO  [success] Generated .bloop/simple-photo-sharing-build-build.json[0m
2023.04.04 12:45:52 INFO  [success] Total time: 6 s, completed 04 4, 23 12:45:52 PM[0m
2023.04.04 12:45:57 INFO  [info] loading settings for project simple-photo-sharing-build from metals.sbt,plugins.sbt ...[0m
2023.04.04 12:45:57 INFO  [info] loading project definition from /Users/jkmvilla/Documents/Development/Projects/simple-photo-sharing/project[0m
2023.04.04 12:45:57 WARN  no build target for: /Users/jkmvilla/Documents/Development/Projects/simple-photo-sharing/build.sbt[0m
2023.04.04 12:46:04 INFO  [success] Generated .bloop/simple-photo-sharing-build.json[0m
2023.04.04 12:46:04 INFO  [success] Total time: 8 s, completed 04 4, 23 12:46:05 PM[0m
2023.04.04 12:46:13 ERROR /Users/jkmvilla/Documents/Development/Projects/simple-photo-sharing/build.sbt:10: error: No Append.Value[Seq[sbt.librarymanagement.ModuleID], Seq[sbt.librarymanagement.ModuleID]] found, so Seq[sbt.librarymanagement.ModuleID] cannot be appended to Seq[sbt.librarymanagement.ModuleID][0m
2023.04.04 12:46:13 ERROR libraryDependencies += Seq([0m
2023.04.04 12:46:13 ERROR                     ^[0m
2023.04.04 12:46:13 INFO  [error] Type error in expression[0m
2023.04.04 12:46:13 INFO  [warn] Project loading failed: (r)etry, (q)uit, (l)ast, or (i)gnore? (default: r)[0m
2023.04.04 12:46:13 INFO  time: ran 'sbt bloopInstall' in 1m4s[0m
2023.04.04 12:46:13 ERROR sbt command failed: /usr/local/Cellar/openjdk@8/1.8.0+362/libexec/openjdk.jdk/Contents/Home/bin/java -Djline.terminal=jline.UnsupportedTerminal -Dsbt.log.noformat=true -Dfile.encoding=UTF-8 -jar /var/folders/tm/bvrythbx4gs9wddw4_pg70mr0000gp/T/metals3582901578377558116/sbt-launch.jar -Dbloop.export-jar-classifiers=sources bloopInstall[0m
2023.04.04 12:46:19 INFO  running '/usr/local/Cellar/openjdk@8/1.8.0+362/libexec/openjdk.jdk/Contents/Home/bin/java -Djline.terminal=jline.UnsupportedTerminal -Dsbt.log.noformat=true -Dfile.encoding=UTF-8 -jar /var/folders/tm/bvrythbx4gs9wddw4_pg70mr0000gp/T/metals347480473864091767/sbt-launch.jar -Dbloop.export-jar-classifiers=sources bloopInstall'[0m
2023.04.04 12:46:24 INFO  [info] welcome to sbt 1.7.2 (Homebrew Java 1.8.0_362)[0m
2023.04.04 12:46:29 INFO  [info] loading settings for project simple-photo-sharing-build-build-build from metals.sbt ...[0m
2023.04.04 12:46:34 INFO  [info] loading project definition from /Users/jkmvilla/Documents/Development/Projects/simple-photo-sharing/project/project/project[0m
2023.04.04 12:46:38 INFO  [info] loading settings for project simple-photo-sharing-build-build from metals.sbt ...[0m
2023.04.04 12:46:38 INFO  [info] loading project definition from /Users/jkmvilla/Documents/Development/Projects/simple-photo-sharing/project/project[0m
2023.04.04 12:46:45 INFO  [success] Generated .bloop/simple-photo-sharing-build-build.json[0m
2023.04.04 12:46:45 INFO  [success] Total time: 7 s, completed 04 4, 23 12:46:45 PM[0m
2023.04.04 12:46:45 INFO  [info] loading settings for project simple-photo-sharing-build from metals.sbt,plugins.sbt ...[0m
2023.04.04 12:46:46 INFO  [info] loading project definition from /Users/jkmvilla/Documents/Development/Projects/simple-photo-sharing/project[0m
2023.04.04 12:46:50 INFO  [success] Generated .bloop/simple-photo-sharing-build.json[0m
2023.04.04 12:46:51 INFO  [success] Total time: 4 s, completed 04 4, 23 12:46:51 PM[0m
2023.04.04 12:46:59 ERROR /Users/jkmvilla/Documents/Development/Projects/simple-photo-sharing/build.sbt:10: error: No Append.Value[Seq[sbt.librarymanagement.ModuleID], Seq[sbt.librarymanagement.ModuleID]] found, so Seq[sbt.librarymanagement.ModuleID] cannot be appended to Seq[sbt.librarymanagement.ModuleID][0m
2023.04.04 12:46:59 ERROR libraryDependencies += Seq([0m
2023.04.04 12:46:59 ERROR                     ^[0m
2023.04.04 12:46:59 INFO  [error] Type error in expression[0m
2023.04.04 12:46:59 INFO  [warn] Project loading failed: (r)etry, (q)uit, (l)ast, or (i)gnore? (default: r)[0m
2023.04.04 12:46:59 INFO  time: ran 'sbt bloopInstall' in 40s[0m
2023.04.04 12:46:59 ERROR sbt command failed: /usr/local/Cellar/openjdk@8/1.8.0+362/libexec/openjdk.jdk/Contents/Home/bin/java -Djline.terminal=jline.UnsupportedTerminal -Dsbt.log.noformat=true -Dfile.encoding=UTF-8 -jar /var/folders/tm/bvrythbx4gs9wddw4_pg70mr0000gp/T/metals347480473864091767/sbt-launch.jar -Dbloop.export-jar-classifiers=sources bloopInstall[0m
Apr 04, 2023 12:54:01 PM org.eclipse.lsp4j.jsonrpc.RemoteEndpoint handleCancellation
WARNING: Unmatched cancel notification for request id 220
2023.04.04 12:57:11 WARN  no build target for: /Users/jkmvilla/Documents/Development/Projects/simple-photo-sharing/build.sbt[0m
2023.04.04 12:57:13 INFO  running '/usr/local/Cellar/openjdk@8/1.8.0+362/libexec/openjdk.jdk/Contents/Home/bin/java -Djline.terminal=jline.UnsupportedTerminal -Dsbt.log.noformat=true -Dfile.encoding=UTF-8 -jar /var/folders/tm/bvrythbx4gs9wddw4_pg70mr0000gp/T/metals3866585061865253617/sbt-launch.jar -Dbloop.export-jar-classifiers=sources bloopInstall'[0m
2023.04.04 12:57:19 INFO  [info] welcome to sbt 1.7.2 (Homebrew Java 1.8.0_362)[0m
2023.04.04 12:57:23 INFO  [info] loading settings for project simple-photo-sharing-build-build-build from metals.sbt ...[0m
2023.04.04 12:57:26 INFO  [info] loading project definition from /Users/jkmvilla/Documents/Development/Projects/simple-photo-sharing/project/project/project[0m
2023.04.04 12:57:29 INFO  [info] loading settings for project simple-photo-sharing-build-build from metals.sbt ...[0m
2023.04.04 12:57:29 INFO  [info] loading project definition from /Users/jkmvilla/Documents/Development/Projects/simple-photo-sharing/project/project[0m
2023.04.04 12:57:35 INFO  [success] Generated .bloop/simple-photo-sharing-build-build.json[0m
2023.04.04 12:57:35 INFO  [success] Total time: 6 s, completed 04 4, 23 12:57:35 PM[0m
2023.04.04 12:57:36 INFO  [info] loading settings for project simple-photo-sharing-build from metals.sbt,plugins.sbt ...[0m
2023.04.04 12:57:36 INFO  [info] loading project definition from /Users/jkmvilla/Documents/Development/Projects/simple-photo-sharing/project[0m
2023.04.04 12:57:39 INFO  [success] Generated .bloop/simple-photo-sharing-build.json[0m
2023.04.04 12:57:39 INFO  [success] Total time: 3 s, completed 04 4, 23 12:57:40 PM[0m
2023.04.04 12:57:47 ERROR /Users/jkmvilla/Documents/Development/Projects/simple-photo-sharing/build.sbt:10: error: No Append.Value[Seq[sbt.librarymanagement.ModuleID], Seq[sbt.librarymanagement.ModuleID]] found, so Seq[sbt.librarymanagement.ModuleID] cannot be appended to Seq[sbt.librarymanagement.ModuleID][0m
2023.04.04 12:57:47 ERROR libraryDependencies += Seq([0m
2023.04.04 12:57:47 ERROR                     ^[0m
2023.04.04 12:57:47 INFO  [error] Type error in expression[0m
2023.04.04 12:57:47 INFO  [warn] Project loading failed: (r)etry, (q)uit, (l)ast, or (i)gnore? (default: r)[0m
2023.04.04 12:57:47 INFO  time: ran 'sbt bloopInstall' in 34s[0m
2023.04.04 12:57:47 ERROR sbt command failed: /usr/local/Cellar/openjdk@8/1.8.0+362/libexec/openjdk.jdk/Contents/Home/bin/java -Djline.terminal=jline.UnsupportedTerminal -Dsbt.log.noformat=true -Dfile.encoding=UTF-8 -jar /var/folders/tm/bvrythbx4gs9wddw4_pg70mr0000gp/T/metals3866585061865253617/sbt-launch.jar -Dbloop.export-jar-classifiers=sources bloopInstall[0m
2023.04.04 13:25:17 WARN  no build target for: /Users/jkmvilla/Documents/Development/Projects/simple-photo-sharing/build.sbt[0m
2023.04.04 13:25:19 INFO  running '/usr/local/Cellar/openjdk@8/1.8.0+362/libexec/openjdk.jdk/Contents/Home/bin/java -Djline.terminal=jline.UnsupportedTerminal -Dsbt.log.noformat=true -Dfile.encoding=UTF-8 -jar /var/folders/tm/bvrythbx4gs9wddw4_pg70mr0000gp/T/metals3997267271779257784/sbt-launch.jar -Dbloop.export-jar-classifiers=sources bloopInstall'[0m
2023.04.04 13:25:30 INFO  [info] welcome to sbt 1.7.2 (Homebrew Java 1.8.0_362)[0m
2023.04.04 13:25:33 INFO  [info] loading settings for project simple-photo-sharing-build-build-build from metals.sbt ...[0m
2023.04.04 13:25:36 INFO  [info] loading project definition from /Users/jkmvilla/Documents/Development/Projects/simple-photo-sharing/project/project/project[0m
2023.04.04 13:25:38 INFO  [info] loading settings for project simple-photo-sharing-build-build from metals.sbt ...[0m
2023.04.04 13:25:38 INFO  [info] loading project definition from /Users/jkmvilla/Documents/Development/Projects/simple-photo-sharing/project/project[0m
2023.04.04 13:25:44 INFO  [success] Generated .bloop/simple-photo-sharing-build-build.json[0m
2023.04.04 13:25:44 INFO  [success] Total time: 5 s, completed 04 4, 23 1:25:44 PM[0m
2023.04.04 13:25:44 INFO  [info] loading settings for project simple-photo-sharing-build from metals.sbt,plugins.sbt ...[0m
2023.04.04 13:25:45 INFO  [info] loading project definition from /Users/jkmvilla/Documents/Development/Projects/simple-photo-sharing/project[0m
2023.04.04 13:25:48 INFO  [success] Generated .bloop/simple-photo-sharing-build.json[0m
2023.04.04 13:25:48 INFO  [success] Total time: 3 s, completed 04 4, 23 1:25:49 PM[0m
2023.04.04 13:25:57 INFO  [info] loading settings for project root from build.sbt ...[0m
2023.04.04 13:25:57 INFO  [info]   __              __[0m
2023.04.04 13:25:57 INFO  [info]   \ \     ____   / /____ _ __  __[0m
2023.04.04 13:25:57 INFO  [info]    \ \   / __ \ / // __ `// / / /[0m
2023.04.04 13:25:57 INFO  [info]    / /  / /_/ // // /_/ // /_/ /[0m
2023.04.04 13:25:57 INFO  [info]   /_/  / .___//_/ \__,_/ \__, /[0m
2023.04.04 13:25:57 INFO  [info]       /_/               /____/[0m
2023.04.04 13:25:57 INFO  [info] [0m
2023.04.04 13:25:57 INFO  [info] Version 2.8.19 running Java 1.8.0_362[0m
2023.04.04 13:25:57 INFO  [info] [0m
2023.04.04 13:25:57 INFO  [info] Play is run entirely by the community. Please consider contributing and/or donating:[0m
2023.04.04 13:25:57 INFO  [info] https://www.playframework.com/sponsors[0m
2023.04.04 13:25:57 INFO  [info] [0m
2023.04.04 13:26:12 INFO  [success] Generated .bloop/root.json[0m
2023.04.04 13:26:12 INFO  [success] Generated .bloop/root-test.json[0m
2023.04.04 13:26:12 INFO  [success] Total time: 13 s, completed 04 4, 23 1:26:12 PM[0m
2023.04.04 13:26:12 INFO  time: ran 'sbt bloopInstall' in 53s[0m
2023.04.04 13:26:12 INFO  Attempting to connect to the build server...[0m
2023.04.04 13:26:12 INFO  Bloop uses /usr/local/Cellar/openjdk@8/1.8.0+362/libexec/openjdk.jdk/Contents/Home defined at /Users/jkmvilla/.bloop/bloop.json[0m
2023.04.04 13:27:21 ERROR Starting the bsp launcher for bloop...[0m
2023.04.04 13:27:21 ERROR Opening a bsp server connection with 'bsp --protocol local --socket /var/folders/tm/bvrythbx4gs9wddw4_pg70mr0000gp/T/bsp-launcher5779819409469273227/bsp.socket'...[0m
2023.04.04 13:27:21 ERROR Waiting for the bsp connection to come up...[0m
2023.04.04 13:27:21 ERROR Waiting for the bsp connection to come up...[0m
2023.04.04 13:27:21 ERROR Waiting for the bsp connection to come up...[0m
2023.04.04 13:27:21 ERROR Waiting for the bsp connection to come up...[0m
2023.04.04 13:27:21 ERROR Waiting for the bsp connection to come up...[0m
2023.04.04 13:27:21 ERROR Waiting for the bsp connection to come up...[0m
2023.04.04 13:27:21 ERROR Waiting for the bsp connection to come up...[0m
2023.04.04 13:27:21 ERROR Waiting for the bsp connection to come up...[0m
2023.04.04 13:27:21 ERROR Waiting for the bsp connection to come up...[0m
2023.04.04 13:27:21 ERROR Waiting for the bsp connection to come up...[0m
2023.04.04 13:27:21 ERROR Waiting for the bsp connection to come up...[0m
2023.04.04 13:27:21 ERROR Waiting for the bsp connection to come up...[0m
2023.04.04 13:27:21 ERROR Waiting for the bsp connection to come up...[0m
2023.04.04 13:27:21 ERROR Waiting for the bsp connection to come up...[0m
2023.04.04 13:27:21 ERROR Waiting for the bsp connection to come up...[0m
2023.04.04 13:27:21 ERROR Waiting for the bsp connection to come up...[0m
2023.04.04 13:27:21 ERROR Waiting for the bsp connection to come up...[0m
2023.04.04 13:27:21 ERROR Waiting for the bsp connection to come up...[0m
2023.04.04 13:27:21 ERROR Waiting for the bsp connection to come up...[0m
2023.04.04 13:27:21 ERROR Waiting for the bsp connection to come up...[0m
2023.04.04 13:27:21 ERROR Waiting for the bsp connection to come up...[0m
2023.04.04 13:27:21 ERROR Waiting for the bsp connection to come up...[0m
2023.04.04 13:27:21 ERROR Waiting for the bsp connection to come up...[0m
2023.04.04 13:27:21 ERROR Waiting for the bsp connection to come up...[0m
2023.04.04 13:27:21 ERROR Waiting for the bsp connection to come up...[0m
2023.04.04 13:27:21 ERROR Waiting for the bsp connection to come up...[0m
2023.04.04 13:27:21 ERROR Waiting for the bsp connection to come up...[0m
2023.04.04 13:27:21 ERROR Waiting for the bsp connection to come up...[0m
2023.04.04 13:27:21 ERROR Waiting for the bsp connection to come up...[0m
2023.04.04 13:27:21 ERROR Waiting for the bsp connection to come up...[0m
2023.04.04 13:27:21 ERROR Waiting for the bsp connection to come up...[0m
2023.04.04 13:27:21 ERROR error: Giving up on waiting for a connection, printing embedded bloop logs:[0m
2023.04.04 13:27:21 ERROR > [0m
2023.04.04 13:27:21 ERROR error: Trying a tcp-based connection to the server instead...[0m
2023.04.04 13:27:21 ERROR Opening a bsp server connection with 'bsp --protocol tcp --port 20746'...[0m
2023.04.04 13:27:21 ERROR Waiting for the bsp connection to come up...[0m
2023.04.04 13:27:21 ERROR Waiting for the bsp connection to come up...[0m
2023.04.04 13:27:21 ERROR Waiting for the bsp connection to come up...[0m
2023.04.04 13:27:21 ERROR Waiting for the bsp connection to come up...[0m
2023.04.04 13:27:21 ERROR Waiting for the bsp connection to come up...[0m
2023.04.04 13:27:21 ERROR Waiting for the bsp connection to come up...[0m
2023.04.04 13:27:21 ERROR Waiting for the bsp connection to come up...[0m
2023.04.04 13:27:21 ERROR Waiting for the bsp connection to come up...[0m
2023.04.04 13:27:21 ERROR Waiting for the bsp connection to come up...[0m
2023.04.04 13:27:21 ERROR Waiting for the bsp connection to come up...[0m
2023.04.04 13:27:21 ERROR Waiting for the bsp connection to come up...[0m
2023.04.04 13:27:21 ERROR Waiting for the bsp connection to come up...[0m
2023.04.04 13:27:21 ERROR Waiting for the bsp connection to come up...[0m
2023.04.04 13:27:21 ERROR Waiting for the bsp connection to come up...[0m
2023.04.04 13:27:21 ERROR Waiting for the bsp connection to come up...[0m
2023.04.04 13:27:21 ERROR Waiting for the bsp connection to come up...[0m
2023.04.04 13:27:21 ERROR Waiting for the bsp connection to come up...[0m
2023.04.04 13:27:21 ERROR Waiting for the bsp connection to come up...[0m
2023.04.04 13:27:21 ERROR Waiting for the bsp connection to come up...[0m
2023.04.04 13:27:21 ERROR Waiting for the bsp connection to come up...[0m
2023.04.04 13:27:21 ERROR Waiting for the bsp connection to come up...[0m
2023.04.04 13:27:21 ERROR Waiting for the bsp connection to come up...[0m
2023.04.04 13:27:21 ERROR Waiting for the bsp connection to come up...[0m
2023.04.04 13:27:21 ERROR Waiting for the bsp connection to come up...[0m
2023.04.04 13:27:21 ERROR Waiting for the bsp connection to come up...[0m
2023.04.04 13:27:21 ERROR Waiting for the bsp connection to come up...[0m
2023.04.04 13:27:21 ERROR Waiting for the bsp connection to come up...[0m
2023.04.04 13:27:21 ERROR Waiting for the bsp connection to come up...[0m
2023.04.04 13:27:21 ERROR Waiting for the bsp connection to come up...[0m
2023.04.04 13:27:21 ERROR Waiting for the bsp connection to come up...[0m
2023.04.04 13:27:21 ERROR Waiting for the bsp connection to come up...[0m
2023.04.04 13:27:21 ERROR error: Giving up on waiting for a connection, printing embedded bloop logs:[0m
2023.04.04 13:27:21 ERROR > [0m
2023.04.04 13:27:21 ERROR error: The launcher failed to establish a bsp connection, aborting...[0m
2023.04.04 13:27:21 ERROR Failed to connect with build server, no functionality will work.
java.lang.RuntimeException: The server did not start, got FailedToOpenBspConnection
	at bloop.launcher.LauncherMain.failPromise$1(Launcher.scala:92)
	at bloop.launcher.LauncherMain.runLauncher(Launcher.scala:119)
	at scala.meta.internal.metals.BloopServers$$anon$2.run(BloopServers.scala:496)
	at java.util.concurrent.Executors$RunnableAdapter.call(Executors.java:511)
	at java.util.concurrent.FutureTask.run(FutureTask.java:266)
	at java.util.concurrent.ThreadPoolExecutor.runWorker(ThreadPoolExecutor.java:1149)
	at java.util.concurrent.ThreadPoolExecutor$Worker.run(ThreadPoolExecutor.java:624)
	at java.lang.Thread.run(Thread.java:750)
[0m
Apr 04, 2023 2:57:30 PM org.eclipse.lsp4j.jsonrpc.RemoteEndpoint handleCancellation
WARNING: Unmatched cancel notification for request id 283
2023.04.04 15:24:15 WARN  no build target for: /Users/jkmvilla/Documents/Development/Projects/simple-photo-sharing/app/controllers/HomeController.scala[0m
2023.04.04 15:24:45 WARN  no build target for: /Users/jkmvilla/Documents/Development/Projects/simple-photo-sharing/app/controllers/HomeController.scala[0m
2023.04.04 15:25:43 WARN  no build target for: /Users/jkmvilla/Documents/Development/Projects/simple-photo-sharing/app/controllers/HomeController.scala[0m
2023.04.04 15:25:57 WARN  no build target for: /Users/jkmvilla/Documents/Development/Projects/simple-photo-sharing/app/controllers/HomeController.scala[0m
2023.04.04 15:26:29 WARN  no build target for: /Users/jkmvilla/Documents/Development/Projects/simple-photo-sharing/app/controllers/HomeController.scala[0m
2023.04.05 09:33:33 WARN  no build target for: /Users/jkmvilla/Documents/Development/Projects/simple-photo-sharing/build.sbt[0m
Apr 05, 2023 9:34:00 AM org.eclipse.lsp4j.jsonrpc.RemoteEndpoint handleCancellation
WARNING: Unmatched cancel notification for request id 723
2023.04.05 09:34:38 WARN  no build target for: /Users/jkmvilla/Documents/Development/Projects/simple-photo-sharing/build.sbt[0m
2023.04.05 09:34:40 INFO  running '/usr/local/Cellar/openjdk@8/1.8.0+362/libexec/openjdk.jdk/Contents/Home/bin/java -Djline.terminal=jline.UnsupportedTerminal -Dsbt.log.noformat=true -Dfile.encoding=UTF-8 -jar /var/folders/tm/bvrythbx4gs9wddw4_pg70mr0000gp/T/metals980155917711329820/sbt-launch.jar -Dbloop.export-jar-classifiers=sources bloopInstall'[0m
2023.04.05 09:34:47 INFO  [info] welcome to sbt 1.7.2 (Homebrew Java 1.8.0_362)[0m
2023.04.05 09:34:50 INFO  [info] loading settings for project simple-photo-sharing-build-build-build from metals.sbt ...[0m
2023.04.05 09:34:53 INFO  [info] loading project definition from /Users/jkmvilla/Documents/Development/Projects/simple-photo-sharing/project/project/project[0m
2023.04.05 09:34:56 INFO  [info] loading settings for project simple-photo-sharing-build-build from metals.sbt ...[0m
2023.04.05 09:34:56 INFO  [info] loading project definition from /Users/jkmvilla/Documents/Development/Projects/simple-photo-sharing/project/project[0m
2023.04.05 09:35:02 INFO  [success] Generated .bloop/simple-photo-sharing-build-build.json[0m
2023.04.05 09:35:02 INFO  [success] Total time: 6 s, completed 04 5, 23 9:35:03 AM[0m
2023.04.05 09:35:03 INFO  [info] loading settings for project simple-photo-sharing-build from metals.sbt,plugins.sbt ...[0m
2023.04.05 09:35:03 INFO  [info] loading project definition from /Users/jkmvilla/Documents/Development/Projects/simple-photo-sharing/project[0m
2023.04.05 09:35:07 INFO  [success] Generated .bloop/simple-photo-sharing-build.json[0m
2023.04.05 09:35:07 INFO  [success] Total time: 4 s, completed 04 5, 23 9:35:08 AM[0m
2023.04.05 09:35:17 INFO  [info] loading settings for project root from build.sbt ...[0m
2023.04.05 09:35:17 INFO  [info]   __              __[0m
2023.04.05 09:35:17 INFO  [info]   \ \     ____   / /____ _ __  __[0m
2023.04.05 09:35:17 INFO  [info]    \ \   / __ \ / // __ `// / / /[0m
2023.04.05 09:35:17 INFO  [info]    / /  / /_/ // // /_/ // /_/ /[0m
2023.04.05 09:35:17 INFO  [info]   /_/  / .___//_/ \__,_/ \__, /[0m
2023.04.05 09:35:17 INFO  [info]       /_/               /____/[0m
2023.04.05 09:35:17 INFO  [info] [0m
2023.04.05 09:35:17 INFO  [info] Version 2.8.19 running Java 1.8.0_362[0m
2023.04.05 09:35:17 INFO  [info] [0m
2023.04.05 09:35:17 INFO  [info] Play is run entirely by the community. Please consider contributing and/or donating:[0m
2023.04.05 09:35:17 INFO  [info] https://www.playframework.com/sponsors[0m
2023.04.05 09:35:17 INFO  [info] [0m
2023.04.05 09:35:33 INFO  [success] Generated .bloop/root-test.json[0m
2023.04.05 09:35:33 INFO  [success] Generated .bloop/root.json[0m
2023.04.05 09:35:33 INFO  [success] Total time: 13 s, completed 04 5, 23 9:35:33 AM[0m
2023.04.05 09:35:34 INFO  time: ran 'sbt bloopInstall' in 53s[0m
2023.04.05 09:35:34 INFO  Attempting to connect to the build server...[0m
2023.04.05 09:35:34 INFO  Bloop uses /usr/local/Cellar/openjdk@8/1.8.0+362/libexec/openjdk.jdk/Contents/Home defined at /Users/jkmvilla/.bloop/bloop.json[0m
2023.04.05 09:36:41 ERROR Starting the bsp launcher for bloop...[0m
2023.04.05 09:36:41 ERROR Opening a bsp server connection with 'bsp --protocol local --socket /var/folders/tm/bvrythbx4gs9wddw4_pg70mr0000gp/T/bsp-launcher9119341635847644722/bsp.socket'...[0m
2023.04.05 09:36:41 ERROR Waiting for the bsp connection to come up...[0m
2023.04.05 09:36:41 ERROR Waiting for the bsp connection to come up...[0m
2023.04.05 09:36:41 ERROR Waiting for the bsp connection to come up...[0m
2023.04.05 09:36:41 ERROR Waiting for the bsp connection to come up...[0m
2023.04.05 09:36:41 ERROR Waiting for the bsp connection to come up...[0m
2023.04.05 09:36:41 ERROR Waiting for the bsp connection to come up...[0m
2023.04.05 09:36:41 ERROR Waiting for the bsp connection to come up...[0m
2023.04.05 09:36:41 ERROR Waiting for the bsp connection to come up...[0m
2023.04.05 09:36:41 ERROR Waiting for the bsp connection to come up...[0m
2023.04.05 09:36:41 ERROR Waiting for the bsp connection to come up...[0m
2023.04.05 09:36:41 ERROR Waiting for the bsp connection to come up...[0m
2023.04.05 09:36:41 ERROR Waiting for the bsp connection to come up...[0m
2023.04.05 09:36:41 ERROR Waiting for the bsp connection to come up...[0m
2023.04.05 09:36:41 ERROR Waiting for the bsp connection to come up...[0m
2023.04.05 09:36:41 ERROR Waiting for the bsp connection to come up...[0m
2023.04.05 09:36:41 ERROR Waiting for the bsp connection to come up...[0m
2023.04.05 09:36:41 ERROR Waiting for the bsp connection to come up...[0m
2023.04.05 09:36:41 ERROR Waiting for the bsp connection to come up...[0m
2023.04.05 09:36:41 ERROR Waiting for the bsp connection to come up...[0m
2023.04.05 09:36:41 ERROR Waiting for the bsp connection to come up...[0m
2023.04.05 09:36:41 ERROR Waiting for the bsp connection to come up...[0m
2023.04.05 09:36:41 ERROR Waiting for the bsp connection to come up...[0m
2023.04.05 09:36:41 ERROR Waiting for the bsp connection to come up...[0m
2023.04.05 09:36:41 ERROR Waiting for the bsp connection to come up...[0m
2023.04.05 09:36:41 ERROR Waiting for the bsp connection to come up...[0m
2023.04.05 09:36:41 ERROR Waiting for the bsp connection to come up...[0m
2023.04.05 09:36:41 ERROR Waiting for the bsp connection to come up...[0m
2023.04.05 09:36:41 ERROR Waiting for the bsp connection to come up...[0m
2023.04.05 09:36:41 ERROR Waiting for the bsp connection to come up...[0m
2023.04.05 09:36:41 ERROR Waiting for the bsp connection to come up...[0m
2023.04.05 09:36:41 ERROR Waiting for the bsp connection to come up...[0m
2023.04.05 09:36:41 ERROR error: Giving up on waiting for a connection, printing embedded bloop logs:[0m
2023.04.05 09:36:41 ERROR > [0m
2023.04.05 09:36:41 ERROR error: Trying a tcp-based connection to the server instead...[0m
2023.04.05 09:36:41 ERROR Opening a bsp server connection with 'bsp --protocol tcp --port 25246'...[0m
2023.04.05 09:36:41 ERROR Waiting for the bsp connection to come up...[0m
2023.04.05 09:36:41 ERROR Waiting for the bsp connection to come up...[0m
2023.04.05 09:36:41 ERROR Waiting for the bsp connection to come up...[0m
2023.04.05 09:36:41 ERROR Waiting for the bsp connection to come up...[0m
2023.04.05 09:36:41 ERROR Waiting for the bsp connection to come up...[0m
2023.04.05 09:36:41 ERROR Waiting for the bsp connection to come up...[0m
2023.04.05 09:36:41 ERROR Waiting for the bsp connection to come up...[0m
2023.04.05 09:36:41 ERROR Waiting for the bsp connection to come up...[0m
2023.04.05 09:36:41 ERROR Waiting for the bsp connection to come up...[0m
2023.04.05 09:36:41 ERROR Waiting for the bsp connection to come up...[0m
2023.04.05 09:36:41 ERROR Waiting for the bsp connection to come up...[0m
2023.04.05 09:36:41 ERROR Waiting for the bsp connection to come up...[0m
2023.04.05 09:36:41 ERROR Waiting for the bsp connection to come up...[0m
2023.04.05 09:36:41 ERROR Waiting for the bsp connection to come up...[0m
2023.04.05 09:36:41 ERROR Waiting for the bsp connection to come up...[0m
2023.04.05 09:36:41 ERROR Waiting for the bsp connection to come up...[0m
2023.04.05 09:36:41 ERROR Waiting for the bsp connection to come up...[0m
2023.04.05 09:36:41 ERROR Waiting for the bsp connection to come up...[0m
2023.04.05 09:36:41 ERROR Waiting for the bsp connection to come up...[0m
2023.04.05 09:36:41 ERROR Waiting for the bsp connection to come up...[0m
2023.04.05 09:36:41 ERROR Waiting for the bsp connection to come up...[0m
2023.04.05 09:36:41 ERROR Waiting for the bsp connection to come up...[0m
2023.04.05 09:36:41 ERROR Waiting for the bsp connection to come up...[0m
2023.04.05 09:36:41 ERROR Waiting for the bsp connection to come up...[0m
2023.04.05 09:36:41 ERROR Waiting for the bsp connection to come up...[0m
2023.04.05 09:36:41 ERROR Waiting for the bsp connection to come up...[0m
2023.04.05 09:36:41 ERROR Waiting for the bsp connection to come up...[0m
2023.04.05 09:36:41 ERROR Waiting for the bsp connection to come up...[0m
2023.04.05 09:36:41 ERROR Waiting for the bsp connection to come up...[0m
2023.04.05 09:36:41 ERROR Waiting for the bsp connection to come up...[0m
2023.04.05 09:36:41 ERROR Waiting for the bsp connection to come up...[0m
2023.04.05 09:36:41 ERROR error: Giving up on waiting for a connection, printing embedded bloop logs:[0m
2023.04.05 09:36:41 ERROR > [0m
2023.04.05 09:36:41 ERROR error: The launcher failed to establish a bsp connection, aborting...[0m
2023.04.05 09:36:41 ERROR Failed to connect with build server, no functionality will work.
java.lang.RuntimeException: The server did not start, got FailedToOpenBspConnection
	at bloop.launcher.LauncherMain.failPromise$1(Launcher.scala:92)
	at bloop.launcher.LauncherMain.runLauncher(Launcher.scala:119)
	at scala.meta.internal.metals.BloopServers$$anon$2.run(BloopServers.scala:496)
	at java.util.concurrent.Executors$RunnableAdapter.call(Executors.java:511)
	at java.util.concurrent.FutureTask.run(FutureTask.java:266)
	at java.util.concurrent.ThreadPoolExecutor.runWorker(ThreadPoolExecutor.java:1149)
	at java.util.concurrent.ThreadPoolExecutor$Worker.run(ThreadPoolExecutor.java:624)
	at java.lang.Thread.run(Thread.java:750)
[0m
2023.04.05 09:40:17 INFO  Shutting down server[0m
2023.04.05 09:40:17 INFO  shutting down Metals[0m
2023.04.05 09:40:18 INFO  Exiting server[0m
2023.04.05 09:42:34 INFO  Started: Metals version 0.11.11 in workspace '/Users/jkmvilla/Documents/Development/Projects/simple-photo-sharing' for client Visual Studio Code 1.76.0.
SLF4J: No SLF4J providers were found.
SLF4J: Defaulting to no-operation (NOP) logger implementation
SLF4J: See https://www.slf4j.org/codes.html#noProviders for further details.
SLF4J: Class path contains SLF4J bindings targeting slf4j-api versions 1.7.x or earlier.
SLF4J: Ignoring binding found at [jar:file:/Users/jkmvilla/Library/Caches/Coursier/v1/https/repo1.maven.org/maven2/com/outr/scribe-slf4j_2.13/3.11.0/scribe-slf4j_2.13-3.11.0.jar!/org/slf4j/impl/StaticLoggerBinder.class]
SLF4J: See https://www.slf4j.org/codes.html#ignoredBindings for an explanation.
2023.04.05 09:42:40 INFO  time: initialize in 5.97s
2023.04.05 09:42:45 INFO  Attempting to connect to the build server...
2023.04.05 09:42:45 INFO  Bloop uses /usr/local/Cellar/openjdk@8/1.8.0+362/libexec/openjdk.jdk/Contents/Home defined at /Users/jkmvilla/.bloop/bloop.json
2023.04.05 09:42:47 INFO  skipping build import with status 'Installed'
2023.04.05 09:43:54 ERROR Starting the bsp launcher for bloop...
2023.04.05 09:43:54 ERROR Opening a bsp server connection with 'bsp --protocol local --socket /var/folders/tm/bvrythbx4gs9wddw4_pg70mr0000gp/T/bsp-launcher7715318523241221435/bsp.socket'...
2023.04.05 09:43:54 ERROR Waiting for the bsp connection to come up...
2023.04.05 09:43:54 ERROR Waiting for the bsp connection to come up...
2023.04.05 09:43:54 ERROR Waiting for the bsp connection to come up...
2023.04.05 09:43:54 ERROR Waiting for the bsp connection to come up...
2023.04.05 09:43:54 ERROR Waiting for the bsp connection to come up...
2023.04.05 09:43:54 ERROR Waiting for the bsp connection to come up...
2023.04.05 09:43:54 ERROR Waiting for the bsp connection to come up...
2023.04.05 09:43:54 ERROR Waiting for the bsp connection to come up...
2023.04.05 09:43:54 ERROR Waiting for the bsp connection to come up...
2023.04.05 09:43:54 ERROR Waiting for the bsp connection to come up...
2023.04.05 09:43:54 ERROR Waiting for the bsp connection to come up...
2023.04.05 09:43:54 ERROR Waiting for the bsp connection to come up...
2023.04.05 09:43:54 ERROR Waiting for the bsp connection to come up...
2023.04.05 09:43:54 ERROR Waiting for the bsp connection to come up...
2023.04.05 09:43:54 ERROR Waiting for the bsp connection to come up...
2023.04.05 09:43:54 ERROR Waiting for the bsp connection to come up...
2023.04.05 09:43:54 ERROR Waiting for the bsp connection to come up...
2023.04.05 09:43:54 ERROR Waiting for the bsp connection to come up...
2023.04.05 09:43:54 ERROR Waiting for the bsp connection to come up...
2023.04.05 09:43:54 ERROR Waiting for the bsp connection to come up...
2023.04.05 09:43:54 ERROR Waiting for the bsp connection to come up...
2023.04.05 09:43:54 ERROR Waiting for the bsp connection to come up...
2023.04.05 09:43:54 ERROR Waiting for the bsp connection to come up...
2023.04.05 09:43:54 ERROR Waiting for the bsp connection to come up...
2023.04.05 09:43:54 ERROR Waiting for the bsp connection to come up...
2023.04.05 09:43:54 ERROR Waiting for the bsp connection to come up...
2023.04.05 09:43:54 ERROR Waiting for the bsp connection to come up...
2023.04.05 09:43:54 ERROR Waiting for the bsp connection to come up...
2023.04.05 09:43:54 ERROR Waiting for the bsp connection to come up...
2023.04.05 09:43:54 ERROR Waiting for the bsp connection to come up...
2023.04.05 09:43:54 ERROR Waiting for the bsp connection to come up...
2023.04.05 09:43:54 ERROR error: Giving up on waiting for a connection, printing embedded bloop logs:
2023.04.05 09:43:54 ERROR > 
2023.04.05 09:43:54 ERROR error: Trying a tcp-based connection to the server instead...
2023.04.05 09:43:54 ERROR Opening a bsp server connection with 'bsp --protocol tcp --port 29886'...
2023.04.05 09:43:54 ERROR Waiting for the bsp connection to come up...
2023.04.05 09:43:54 ERROR Waiting for the bsp connection to come up...
2023.04.05 09:43:54 ERROR Waiting for the bsp connection to come up...
2023.04.05 09:43:54 ERROR Waiting for the bsp connection to come up...
2023.04.05 09:43:54 ERROR Waiting for the bsp connection to come up...
2023.04.05 09:43:54 ERROR Waiting for the bsp connection to come up...
2023.04.05 09:43:54 ERROR Waiting for the bsp connection to come up...
2023.04.05 09:43:54 ERROR Waiting for the bsp connection to come up...
2023.04.05 09:43:54 ERROR Waiting for the bsp connection to come up...
2023.04.05 09:43:54 ERROR Waiting for the bsp connection to come up...
2023.04.05 09:43:54 ERROR Waiting for the bsp connection to come up...
2023.04.05 09:43:54 ERROR Waiting for the bsp connection to come up...
2023.04.05 09:43:54 ERROR Waiting for the bsp connection to come up...
2023.04.05 09:43:54 ERROR Waiting for the bsp connection to come up...
2023.04.05 09:43:54 ERROR Waiting for the bsp connection to come up...
2023.04.05 09:43:54 ERROR Waiting for the bsp connection to come up...
2023.04.05 09:43:54 ERROR Waiting for the bsp connection to come up...
2023.04.05 09:43:54 ERROR Waiting for the bsp connection to come up...
2023.04.05 09:43:54 ERROR Waiting for the bsp connection to come up...
2023.04.05 09:43:54 ERROR Waiting for the bsp connection to come up...
2023.04.05 09:43:54 ERROR Waiting for the bsp connection to come up...
2023.04.05 09:43:54 ERROR Waiting for the bsp connection to come up...
2023.04.05 09:43:54 ERROR Waiting for the bsp connection to come up...
2023.04.05 09:43:54 ERROR Waiting for the bsp connection to come up...
2023.04.05 09:43:54 ERROR Waiting for the bsp connection to come up...
2023.04.05 09:43:54 ERROR Waiting for the bsp connection to come up...
2023.04.05 09:43:54 ERROR Waiting for the bsp connection to come up...
2023.04.05 09:43:54 ERROR Waiting for the bsp connection to come up...
2023.04.05 09:43:54 ERROR Waiting for the bsp connection to come up...
2023.04.05 09:43:54 ERROR Waiting for the bsp connection to come up...
2023.04.05 09:43:54 ERROR Waiting for the bsp connection to come up...
2023.04.05 09:43:54 ERROR error: Giving up on waiting for a connection, printing embedded bloop logs:
2023.04.05 09:43:54 ERROR > 
2023.04.05 09:43:54 ERROR error: The launcher failed to establish a bsp connection, aborting...
2023.04.05 09:43:55 ERROR Failed to connect with build server, no functionality will work.
java.lang.RuntimeException: The server did not start, got FailedToOpenBspConnection
	at bloop.launcher.LauncherMain.failPromise$1(Launcher.scala:92)
	at bloop.launcher.LauncherMain.runLauncher(Launcher.scala:119)
	at scala.meta.internal.metals.BloopServers$$anon$2.run(BloopServers.scala:496)
	at java.util.concurrent.Executors$RunnableAdapter.call(Executors.java:511)
	at java.util.concurrent.FutureTask.run(FutureTask.java:266)
	at java.util.concurrent.ThreadPoolExecutor.runWorker(ThreadPoolExecutor.java:1149)
	at java.util.concurrent.ThreadPoolExecutor$Worker.run(ThreadPoolExecutor.java:624)
	at java.lang.Thread.run(Thread.java:750)

2023.04.05 09:54:04 WARN  no build target for: /Users/jkmvilla/Documents/Development/Projects/simple-photo-sharing/build.sbt
Apr 05, 2023 9:54:06 AM org.eclipse.lsp4j.jsonrpc.RemoteEndpoint handleCancellation
WARNING: Unmatched cancel notification for request id 1
2023.04.05 09:54:15 INFO  no build target found for /Users/jkmvilla/Documents/Development/Projects/simple-photo-sharing/build.sbt. Using presentation compiler with project's scala-library version: 3.2.2
2023.04.05 09:54:19 INFO  time: code lens generation in 13s
2023.04.05 09:54:19 INFO  time: code lens generation in 13s
2023.04.05 13:03:30 WARN  no build target for: /Users/jkmvilla/Documents/Development/Projects/simple-photo-sharing/app/controllers/HomeController.scala
Apr 05, 2023 1:03:32 PM org.eclipse.lsp4j.jsonrpc.RemoteEndpoint handleCancellation
WARNING: Unmatched cancel notification for request id 21
2023.04.05 13:03:33 INFO  time: code lens generation in 1.2s
2023.04.05 13:03:40 WARN  no build target for: /Users/jkmvilla/Documents/Development/Projects/simple-photo-sharing/app/controllers/HomeController.scala
2023.04.05 13:04:57 WARN  no build target for: /Users/jkmvilla/Documents/Development/Projects/simple-photo-sharing/app/controllers/HomeController.scala
2023.04.05 13:05:18 WARN  no build target for: /Users/jkmvilla/Documents/Development/Projects/simple-photo-sharing/app/controllers/HomeController.scala
Apr 05, 2023 2:15:29 PM org.eclipse.lsp4j.jsonrpc.services.GenericEndpoint notify
INFO: Unsupported notification method: $/setTrace
2023.04.05 14:49:07 INFO  Started: Metals version 0.11.11 in workspace '/Users/rigisidro/Documents/Development/Photo_sharing/photo-sharing' for client Visual Studio Code 1.74.3.[0m
SLF4J: No SLF4J providers were found.
SLF4J: Defaulting to no-operation (NOP) logger implementation
SLF4J: See https://www.slf4j.org/codes.html#noProviders for further details.
SLF4J: Class path contains SLF4J bindings targeting slf4j-api versions 1.7.x or earlier.
SLF4J: Ignoring binding found at [jar:file:/Users/rigisidro/Library/Caches/Coursier/v1/https/repo1.maven.org/maven2/com/outr/scribe-slf4j_2.13/3.11.0/scribe-slf4j_2.13-3.11.0.jar!/org/slf4j/impl/StaticLoggerBinder.class]
SLF4J: See https://www.slf4j.org/codes.html#ignoredBindings for an explanation.
2023.04.05 14:49:13 INFO  time: initialize in 5.61s[0m
2023.04.05 14:49:14 INFO  Attempting to connect to the build server...[0m
2023.04.05 14:49:14 INFO  Bloop uses /Library/Java/JavaVirtualMachines/jdk1.8.0_181.jdk/Contents/Home defined at /Users/rigisidro/.bloop/bloop.json[0m
2023.04.05 14:49:15 ERROR Starting the bsp launcher for bloop...[0m
2023.04.05 14:49:15 ERROR Opening a bsp server connection with 'bsp --protocol local --socket /var/folders/sd/b27v6s995yngxvzgwctmvjt00000gp/T/bsp-launcher7250674095106646761/bsp.socket'...[0m
2023.04.05 14:49:15 ERROR Waiting for the bsp connection to come up...[0m
2023.04.05 14:49:15 ERROR error: The command bsp --protocol local --socket /var/folders/sd/b27v6s995yngxvzgwctmvjt00000gp/T/bsp-launcher7250674095106646761/bsp.socket returned with an error[0m
2023.04.05 14:49:15 ERROR > [0m[32m[D][0m Loading 2 projects from '/Users/rigisidro/Documents/Development/Photo_sharing/photo-sharing/.bloop'...[0m
2023.04.05 14:49:15 ERROR > [0m[32m[D][0m Loading project from '/Users/rigisidro/Documents/Development/Photo_sharing/photo-sharing/.bloop/root-test.json'[0m
2023.04.05 14:49:15 ERROR > [0m[32m[D][0m Loading project from '/Users/rigisidro/Documents/Development/Photo_sharing/photo-sharing/.bloop/root.json'[0m
2023.04.05 14:49:15 ERROR > [0m[33m[W][0m Scala instance jar /Users/jkmvilla/Library/Caches/Coursier/v1/https/repo1.maven.org/maven2/org/scala-lang/scala-library/2.13.10/scala-library-2.13.10.jar doesn't exist![0m
2023.04.05 14:49:15 ERROR > [0m[33m[W][0m Scala instance jar /Users/jkmvilla/Library/Caches/Coursier/v1/https/repo1.maven.org/maven2/org/scala-lang/scala-library/2.13.10/scala-library-2.13.10.jar doesn't exist![0m
2023.04.05 14:49:15 ERROR > [0m[33m[W][0m Scala instance jar /Users/jkmvilla/Library/Caches/Coursier/v1/https/repo1.maven.org/maven2/org/scala-lang/scala-compiler/2.13.10/scala-compiler-2.13.10.jar doesn't exist![0m
2023.04.05 14:49:15 ERROR > [0m[33m[W][0m Scala instance jar /Users/jkmvilla/Library/Caches/Coursier/v1/https/repo1.maven.org/maven2/org/scala-lang/scala-reflect/2.13.10/scala-reflect-2.13.10.jar doesn't exist![0m
2023.04.05 14:49:15 ERROR > [0m[33m[W][0m Scala instance jar /Users/jkmvilla/Library/Caches/Coursier/v1/https/repo1.maven.org/maven2/io/github/java-diff-utils/java-diff-utils/4.12/java-diff-utils-4.12.jar doesn't exist![0m
2023.04.05 14:49:15 ERROR > [0m[33m[W][0m Scala instance jar /Users/jkmvilla/Library/Caches/Coursier/v1/https/repo1.maven.org/maven2/org/jline/jline/3.21.0/jline-3.21.0.jar doesn't exist![0m
2023.04.05 14:49:15 ERROR > [0m[33m[W][0m Scala instance jar /Users/jkmvilla/Library/Caches/Coursier/v1/https/repo1.maven.org/maven2/net/java/dev/jna/jna/5.9.0/jna-5.9.0.jar doesn't exist![0m
2023.04.05 14:49:15 ERROR > [0m[32m[D][0m Cache miss for scala instance org.scala-lang:scala-compiler:2.13.10.[0m
2023.04.05 14:49:15 ERROR > [0m[32m[D][0m   => /Users/jkmvilla/Library/Caches/Coursier/v1/https/repo1.maven.org/maven2/io/github/java-diff-utils/java-diff-utils/4.12/java-diff-utils-4.12.jar[0m
2023.04.05 14:49:15 ERROR > [0m[32m[D][0m   => /Users/jkmvilla/Library/Caches/Coursier/v1/https/repo1.maven.org/maven2/net/java/dev/jna/jna/5.9.0/jna-5.9.0.jar[0m
2023.04.05 14:49:15 ERROR > [0m[32m[D][0m   => /Users/jkmvilla/Library/Caches/Coursier/v1/https/repo1.maven.org/maven2/org/jline/jline/3.21.0/jline-3.21.0.jar[0m
2023.04.05 14:49:15 ERROR > [0m[32m[D][0m   => /Users/jkmvilla/Library/Caches/Coursier/v1/https/repo1.maven.org/maven2/org/scala-lang/scala-compiler/2.13.10/scala-compiler-2.13.10.jar[0m
2023.04.05 14:49:15 ERROR > [0m[32m[D][0m   => /Users/jkmvilla/Library/Caches/Coursier/v1/https/repo1.maven.org/maven2/org/scala-lang/scala-library/2.13.10/scala-library-2.13.10.jar[0m
2023.04.05 14:49:15 ERROR > [0m[32m[D][0m   => /Users/jkmvilla/Library/Caches/Coursier/v1/https/repo1.maven.org/maven2/org/scala-lang/scala-reflect/2.13.10/scala-reflect-2.13.10.jar[0m
2023.04.05 14:49:15 ERROR > [0m[33m[W][0m Scala instance jar /Users/jkmvilla/Library/Caches/Coursier/v1/https/repo1.maven.org/maven2/org/scala-lang/scala-compiler/2.13.10/scala-compiler-2.13.10.jar doesn't exist![0m
2023.04.05 14:49:15 ERROR > [0m[33m[W][0m Scala instance jar /Users/jkmvilla/Library/Caches/Coursier/v1/https/repo1.maven.org/maven2/org/scala-lang/scala-reflect/2.13.10/scala-reflect-2.13.10.jar doesn't exist![0m
2023.04.05 14:49:15 ERROR > [0m[33m[W][0m Scala instance jar /Users/jkmvilla/Library/Caches/Coursier/v1/https/repo1.maven.org/maven2/io/github/java-diff-utils/java-diff-utils/4.12/java-diff-utils-4.12.jar doesn't exist![0m
2023.04.05 14:49:15 ERROR > [0m[33m[W][0m Scala instance jar /Users/jkmvilla/Library/Caches/Coursier/v1/https/repo1.maven.org/maven2/org/jline/jline/3.21.0/jline-3.21.0.jar doesn't exist![0m
2023.04.05 14:49:15 ERROR > [0m[33m[W][0m Scala instance jar /Users/jkmvilla/Library/Caches/Coursier/v1/https/repo1.maven.org/maven2/net/java/dev/jna/jna/5.9.0/jna-5.9.0.jar doesn't exist![0m
2023.04.05 14:49:15 ERROR > [0m[32m[D][0m Cache miss for scala instance org.scala-lang:scala-compiler:2.13.10.[0m
2023.04.05 14:49:15 ERROR > [0m[32m[D][0m   => /Users/jkmvilla/Library/Caches/Coursier/v1/https/repo1.maven.org/maven2/io/github/java-diff-utils/java-diff-utils/4.12/java-diff-utils-4.12.jar[0m
2023.04.05 14:49:15 ERROR > [0m[32m[D][0m   => /Users/jkmvilla/Library/Caches/Coursier/v1/https/repo1.maven.org/maven2/net/java/dev/jna/jna/5.9.0/jna-5.9.0.jar[0m
2023.04.05 14:49:15 ERROR > [0m[32m[D][0m   => /Users/jkmvilla/Library/Caches/Coursier/v1/https/repo1.maven.org/maven2/org/jline/jline/3.21.0/jline-3.21.0.jar[0m
2023.04.05 14:49:15 ERROR > [0m[32m[D][0m   => /Users/jkmvilla/Library/Caches/Coursier/v1/https/repo1.maven.org/maven2/org/scala-lang/scala-compiler/2.13.10/scala-compiler-2.13.10.jar[0m
2023.04.05 14:49:15 ERROR > [0m[32m[D][0m   => /Users/jkmvilla/Library/Caches/Coursier/v1/https/repo1.maven.org/maven2/org/scala-lang/scala-library/2.13.10/scala-library-2.13.10.jar[0m
2023.04.05 14:49:15 ERROR > [0m[32m[D][0m   => /Users/jkmvilla/Library/Caches/Coursier/v1/https/repo1.maven.org/maven2/org/scala-lang/scala-reflect/2.13.10/scala-reflect-2.13.10.jar[0m
2023.04.05 14:49:15 ERROR > [0m[32m[D][0m Elapsed: 199.62488 ms[0m
2023.04.05 14:49:15 ERROR > [0m[31m[E][0m Failed to load project from /Users/rigisidro/Documents/Development/Photo_sharing/photo-sharing/.bloop/root.json[0m
2023.04.05 14:49:15 ERROR > [0m[36m[T][0m bloop.data.Project$ProjectReadException: Failed to load project from /Users/rigisidro/Documents/Development/Photo_sharing/photo-sharing/.bloop/root.json[0m
2023.04.05 14:49:15 ERROR > [0m[36m[T][0m 	bloop.data.Project$.fromBytesAndOrigin(Project.scala:295)[0m
2023.04.05 14:49:15 ERROR > [0m[36m[T][0m 	bloop.engine.BuildLoader$.loadProject(BuildLoader.scala:248)[0m
2023.04.05 14:49:15 ERROR > [0m[36m[T][0m 	bloop.engine.BuildLoader$.$anonfun$loadBuildIncrementally$3(BuildLoader.scala:59)[0m
2023.04.05 14:49:15 ERROR > [0m[36m[T][0m 	monix.eval.internal.TaskRunLoop$.startFull(TaskRunLoop.scala:81)[0m
2023.04.05 14:49:15 ERROR > [0m[36m[T][0m 	monix.eval.internal.TaskRestartCallback.syncOnSuccess(TaskRestartCallback.scala:101)[0m
2023.04.05 14:49:15 ERROR > [0m[36m[T][0m 	monix.eval.internal.TaskRestartCallback.onSuccess(TaskRestartCallback.scala:74)[0m
2023.04.05 14:49:15 ERROR > [0m[36m[T][0m 	monix.eval.internal.TaskShift$Register$$anon$1.run(TaskShift.scala:65)[0m
2023.04.05 14:49:15 ERROR > [0m[36m[T][0m 	monix.execution.internal.InterceptRunnable.run(InterceptRunnable.scala:27)[0m
2023.04.05 14:49:15 ERROR > [0m[36m[T][0m 	java.util.concurrent.ThreadPoolExecutor.runWorker(ThreadPoolExecutor.java:1149)[0m
2023.04.05 14:49:15 ERROR > [0m[36m[T][0m 	java.util.concurrent.ThreadPoolExecutor$Worker.run(ThreadPoolExecutor.java:624)[0m
2023.04.05 14:49:15 ERROR > [0m[36m[T][0m 	java.lang.Thread.run(Thread.java:748)[0m
2023.04.05 14:49:15 ERROR > [0m[36m[T][0m Caused by: java.nio.file.NoSuchFileException: /Users/jkmvilla/Library/Caches/Coursier/v1/https/repo1.maven.org/maven2/org/scala-lang/scala-library/2.13.10/scala-library-2.13.10.jar[0m
2023.04.05 14:49:15 ERROR > [0m[36m[T][0m 	sun.nio.fs.UnixException.translateToIOException(UnixException.java:86)[0m
2023.04.05 14:49:15 ERROR > [0m[36m[T][0m 	sun.nio.fs.UnixException.rethrowAsIOException(UnixException.java:102)[0m
2023.04.05 14:49:15 ERROR > [0m[36m[T][0m 	sun.nio.fs.UnixException.rethrowAsIOException(UnixException.java:107)[0m
2023.04.05 14:49:15 ERROR > [0m[36m[T][0m 	sun.nio.fs.UnixFileAttributeViews$Basic.readAttributes(UnixFileAttributeViews.java:55)[0m
2023.04.05 14:49:15 ERROR > [0m[36m[T][0m 	sun.nio.fs.UnixFileSystemProvider.readAttributes(UnixFileSystemProvider.java:144)[0m
2023.04.05 14:49:15 ERROR > [0m[36m[T][0m 	java.nio.file.Files.readAttributes(Files.java:1737)[0m
2023.04.05 14:49:15 ERROR > [0m[36m[T][0m 	bloop.ScalaInstance.$anonfun$hashCode$1(ScalaInstance.scala:111)[0m
2023.04.05 14:49:15 ERROR > [0m[36m[T][0m 	scala.collection.TraversableLike.$anonfun$map$1(TraversableLike.scala:286)[0m
2023.04.05 14:49:15 ERROR > [0m[36m[T][0m 	scala.collection.IndexedSeqOptimized.foreach(IndexedSeqOptimized.scala:36)[0m
2023.04.05 14:49:15 ERROR > [0m[36m[T][0m 	scala.collection.IndexedSeqOptimized.foreach$(IndexedSeqOptimized.scala:33)[0m
2023.04.05 14:49:15 ERROR > [0m[36m[T][0m 	scala.collection.mutable.WrappedArray.foreach(WrappedArray.scala:38)[0m
2023.04.05 14:49:15 ERROR > [0m[36m[T][0m 	scala.collection.TraversableLike.map(TraversableLike.scala:286)[0m
2023.04.05 14:49:15 ERROR > [0m[36m[T][0m 	scala.collection.TraversableLike.map$(TraversableLike.scala:279)[0m
2023.04.05 14:49:15 ERROR > [0m[36m[T][0m 	scala.collection.AbstractTraversable.map(Traversable.scala:108)[0m
2023.04.05 14:49:15 ERROR > [0m[36m[T][0m 	bloop.ScalaInstance.<init>(ScalaInstance.scala:107)[0m
2023.04.05 14:49:15 ERROR > [0m[36m[T][0m 	bloop.ScalaInstance$.newInstance$1(ScalaInstance.scala:180)[0m
2023.04.05 14:49:15 ERROR > [0m[36m[T][0m 	bloop.ScalaInstance$.$anonfun$apply$7(ScalaInstance.scala:185)[0m
2023.04.05 14:49:15 ERROR > [0m[36m[T][0m 	java.util.concurrent.ConcurrentHashMap.computeIfAbsent(ConcurrentHashMap.java:1660)[0m
2023.04.05 14:49:15 ERROR > [0m[36m[T][0m 	bloop.ScalaInstance$.apply(ScalaInstance.scala:185)[0m
2023.04.05 14:49:15 ERROR > [0m[36m[T][0m 	bloop.data.Project$.$anonfun$fromConfig$1(Project.scala:311)[0m
2023.04.05 14:49:15 ERROR > [0m[36m[T][0m 	scala.Option.flatMap(Option.scala:271)[0m
2023.04.05 14:49:15 ERROR > [0m[36m[T][0m 	bloop.data.Project$.fromConfig(Project.scala:306)[0m
2023.04.05 14:49:15 ERROR > [0m[36m[T][0m 	bloop.data.Project$.fromBytesAndOrigin(Project.scala:289)[0m
2023.04.05 14:49:15 ERROR > [0m[36m[T][0m 	bloop.engine.BuildLoader$.loadProject(BuildLoader.scala:248)[0m
2023.04.05 14:49:15 ERROR > [0m[36m[T][0m 	bloop.engine.BuildLoader$.$anonfun$loadBuildIncrementally$3(BuildLoader.scala:59)[0m
2023.04.05 14:49:15 ERROR > [0m[36m[T][0m 	monix.eval.internal.TaskRunLoop$.startFull(TaskRunLoop.scala:81)[0m
2023.04.05 14:49:15 ERROR > [0m[36m[T][0m 	monix.eval.internal.TaskRestartCallback.syncOnSuccess(TaskRestartCallback.scala:101)[0m
2023.04.05 14:49:15 ERROR > [0m[36m[T][0m 	monix.eval.internal.TaskRestartCallback.onSuccess(TaskRestartCallback.scala:74)[0m
2023.04.05 14:49:15 ERROR > [0m[36m[T][0m 	monix.eval.internal.TaskShift$Register$$anon$1.run(TaskShift.scala:65)[0m
2023.04.05 14:49:15 ERROR > [0m[36m[T][0m 	monix.execution.internal.InterceptRunnable.run(InterceptRunnable.scala:27)[0m
2023.04.05 14:49:15 ERROR > [0m[36m[T][0m 	java.util.concurrent.ThreadPoolExecutor.runWorker(ThreadPoolExecutor.java:1149)[0m
2023.04.05 14:49:15 ERROR > [0m[36m[T][0m 	java.util.concurrent.ThreadPoolExecutor$Worker.run(ThreadPoolExecutor.java:624)[0m
2023.04.05 14:49:15 ERROR > [0m[36m[T][0m 	java.lang.Thread.run(Thread.java:748)[0m
2023.04.05 14:49:15 ERROR error: Trying a tcp-based connection to the server instead...[0m
2023.04.05 14:49:15 ERROR Opening a bsp server connection with 'bsp --protocol tcp --port 20055'...[0m
2023.04.05 14:49:15 ERROR Waiting for the bsp connection to come up...[0m
2023.04.05 14:49:15 ERROR error: The command bsp --protocol tcp --port 20055 returned with an error[0m
2023.04.05 14:49:15 ERROR > [0m[32m[D][0m Loading 2 projects from '/Users/rigisidro/Documents/Development/Photo_sharing/photo-sharing/.bloop'...[0m
2023.04.05 14:49:15 ERROR > [0m[32m[D][0m Loading project from '/Users/rigisidro/Documents/Development/Photo_sharing/photo-sharing/.bloop/root.json'[0m
2023.04.05 14:49:15 ERROR > [0m[32m[D][0m Loading project from '/Users/rigisidro/Documents/Development/Photo_sharing/photo-sharing/.bloop/root-test.json'[0m
2023.04.05 14:49:15 ERROR > [0m[33m[W][0m Scala instance jar /Users/jkmvilla/Library/Caches/Coursier/v1/https/repo1.maven.org/maven2/org/scala-lang/scala-library/2.13.10/scala-library-2.13.10.jar doesn't exist![0m
2023.04.05 14:49:15 ERROR > [0m[33m[W][0m Scala instance jar /Users/jkmvilla/Library/Caches/Coursier/v1/https/repo1.maven.org/maven2/org/scala-lang/scala-compiler/2.13.10/scala-compiler-2.13.10.jar doesn't exist![0m
2023.04.05 14:49:15 ERROR > [0m[33m[W][0m Scala instance jar /Users/jkmvilla/Library/Caches/Coursier/v1/https/repo1.maven.org/maven2/org/scala-lang/scala-reflect/2.13.10/scala-reflect-2.13.10.jar doesn't exist![0m
2023.04.05 14:49:15 ERROR > [0m[33m[W][0m Scala instance jar /Users/jkmvilla/Library/Caches/Coursier/v1/https/repo1.maven.org/maven2/io/github/java-diff-utils/java-diff-utils/4.12/java-diff-utils-4.12.jar doesn't exist![0m
2023.04.05 14:49:15 ERROR > [0m[33m[W][0m Scala instance jar /Users/jkmvilla/Library/Caches/Coursier/v1/https/repo1.maven.org/maven2/org/jline/jline/3.21.0/jline-3.21.0.jar doesn't exist![0m
2023.04.05 14:49:15 ERROR > [0m[33m[W][0m Scala instance jar /Users/jkmvilla/Library/Caches/Coursier/v1/https/repo1.maven.org/maven2/net/java/dev/jna/jna/5.9.0/jna-5.9.0.jar doesn't exist![0m
2023.04.05 14:49:15 ERROR > [0m[32m[D][0m Cache miss for scala instance org.scala-lang:scala-compiler:2.13.10.[0m
2023.04.05 14:49:15 ERROR > [0m[32m[D][0m   => /Users/jkmvilla/Library/Caches/Coursier/v1/https/repo1.maven.org/maven2/io/github/java-diff-utils/java-diff-utils/4.12/java-diff-utils-4.12.jar[0m
2023.04.05 14:49:15 ERROR > [0m[32m[D][0m   => /Users/jkmvilla/Library/Caches/Coursier/v1/https/repo1.maven.org/maven2/net/java/dev/jna/jna/5.9.0/jna-5.9.0.jar[0m
2023.04.05 14:49:15 ERROR > [0m[32m[D][0m   => /Users/jkmvilla/Library/Caches/Coursier/v1/https/repo1.maven.org/maven2/org/jline/jline/3.21.0/jline-3.21.0.jar[0m
2023.04.05 14:49:15 ERROR > [0m[32m[D][0m   => /Users/jkmvilla/Library/Caches/Coursier/v1/https/repo1.maven.org/maven2/org/scala-lang/scala-compiler/2.13.10/scala-compiler-2.13.10.jar[0m
2023.04.05 14:49:15 ERROR > [0m[32m[D][0m   => /Users/jkmvilla/Library/Caches/Coursier/v1/https/repo1.maven.org/maven2/org/scala-lang/scala-library/2.13.10/scala-library-2.13.10.jar[0m
2023.04.05 14:49:15 ERROR > [0m[32m[D][0m   => /Users/jkmvilla/Library/Caches/Coursier/v1/https/repo1.maven.org/maven2/org/scala-lang/scala-reflect/2.13.10/scala-reflect-2.13.10.jar[0m
2023.04.05 14:49:15 ERROR > [0m[33m[W][0m Scala instance jar /Users/jkmvilla/Library/Caches/Coursier/v1/https/repo1.maven.org/maven2/org/scala-lang/scala-library/2.13.10/scala-library-2.13.10.jar doesn't exist![0m
2023.04.05 14:49:15 ERROR > [0m[33m[W][0m Scala instance jar /Users/jkmvilla/Library/Caches/Coursier/v1/https/repo1.maven.org/maven2/org/scala-lang/scala-compiler/2.13.10/scala-compiler-2.13.10.jar doesn't exist![0m
2023.04.05 14:49:15 ERROR > [0m[33m[W][0m Scala instance jar /Users/jkmvilla/Library/Caches/Coursier/v1/https/repo1.maven.org/maven2/org/scala-lang/scala-reflect/2.13.10/scala-reflect-2.13.10.jar doesn't exist![0m
2023.04.05 14:49:15 ERROR > [0m[33m[W][0m Scala instance jar /Users/jkmvilla/Library/Caches/Coursier/v1/https/repo1.maven.org/maven2/io/github/java-diff-utils/java-diff-utils/4.12/java-diff-utils-4.12.jar doesn't exist![0m
2023.04.05 14:49:15 ERROR > [0m[33m[W][0m Scala instance jar /Users/jkmvilla/Library/Caches/Coursier/v1/https/repo1.maven.org/maven2/org/jline/jline/3.21.0/jline-3.21.0.jar doesn't exist![0m
2023.04.05 14:49:15 ERROR > [0m[33m[W][0m Scala instance jar /Users/jkmvilla/Library/Caches/Coursier/v1/https/repo1.maven.org/maven2/net/java/dev/jna/jna/5.9.0/jna-5.9.0.jar doesn't exist![0m
2023.04.05 14:49:15 ERROR > [0m[32m[D][0m Elapsed: 11.539339 ms[0m
2023.04.05 14:49:15 ERROR > [0m[32m[D][0m Cache miss for scala instance org.scala-lang:scala-compiler:2.13.10.[0m
2023.04.05 14:49:15 ERROR > [0m[32m[D][0m   => /Users/jkmvilla/Library/Caches/Coursier/v1/https/repo1.maven.org/maven2/io/github/java-diff-utils/java-diff-utils/4.12/java-diff-utils-4.12.jar[0m
2023.04.05 14:49:15 ERROR > [0m[32m[D][0m   => /Users/jkmvilla/Library/Caches/Coursier/v1/https/repo1.maven.org/maven2/net/java/dev/jna/jna/5.9.0/jna-5.9.0.jar[0m
2023.04.05 14:49:15 ERROR > [0m[32m[D][0m   => /Users/jkmvilla/Library/Caches/Coursier/v1/https/repo1.maven.org/maven2/org/jline/jline/3.21.0/jline-3.21.0.jar[0m
2023.04.05 14:49:15 ERROR > [0m[31m[E][0m Failed to load project from /Users/rigisidro/Documents/Development/Photo_sharing/photo-sharing/.bloop/root.json[0m
2023.04.05 14:49:15 ERROR > [0m[36m[T][0m bloop.data.Project$ProjectReadException: Failed to load project from /Users/rigisidro/Documents/Development/Photo_sharing/photo-sharing/.bloop/root.json[0m
2023.04.05 14:49:15 ERROR > [0m[32m[D][0m   => /Users/jkmvilla/Library/Caches/Coursier/v1/https/repo1.maven.org/maven2/org/scala-lang/scala-compiler/2.13.10/scala-compiler-2.13.10.jar[0m
2023.04.05 14:49:15 ERROR > [0m[32m[D][0m   => /Users/jkmvilla/Library/Caches/Coursier/v1/https/repo1.maven.org/maven2/org/scala-lang/scala-library/2.13.10/scala-library-2.13.10.jar[0m
2023.04.05 14:49:15 ERROR > [0m[32m[D][0m   => /Users/jkmvilla/Library/Caches/Coursier/v1/https/repo1.maven.org/maven2/org/scala-lang/scala-reflect/2.13.10/scala-reflect-2.13.10.jar[0m
2023.04.05 14:49:15 ERROR > [0m[36m[T][0m 	bloop.data.Project$.fromBytesAndOrigin(Project.scala:295)[0m
2023.04.05 14:49:15 ERROR > [0m[36m[T][0m 	bloop.engine.BuildLoader$.loadProject(BuildLoader.scala:248)[0m
2023.04.05 14:49:15 ERROR > [0m[36m[T][0m 	bloop.engine.BuildLoader$.$anonfun$loadBuildIncrementally$3(BuildLoader.scala:59)[0m
2023.04.05 14:49:15 ERROR > [0m[36m[T][0m 	monix.eval.internal.TaskRunLoop$.startFull(TaskRunLoop.scala:81)[0m
2023.04.05 14:49:15 ERROR > [0m[36m[T][0m 	monix.eval.internal.TaskRestartCallback.syncOnSuccess(TaskRestartCallback.scala:101)[0m
2023.04.05 14:49:15 ERROR > [0m[36m[T][0m 	monix.eval.internal.TaskRestartCallback.onSuccess(TaskRestartCallback.scala:74)[0m
2023.04.05 14:49:15 ERROR > [0m[36m[T][0m 	monix.eval.internal.TaskShift$Register$$anon$1.run(TaskShift.scala:65)[0m
2023.04.05 14:49:15 ERROR > [0m[36m[T][0m 	monix.execution.internal.InterceptRunnable.run(InterceptRunnable.scala:27)[0m
2023.04.05 14:49:15 ERROR > [0m[36m[T][0m 	java.util.concurrent.ThreadPoolExecutor.runWorker(ThreadPoolExecutor.java:1149)[0m
2023.04.05 14:49:15 ERROR > [0m[36m[T][0m 	java.util.concurrent.ThreadPoolExecutor$Worker.run(ThreadPoolExecutor.java:624)[0m
2023.04.05 14:49:15 ERROR > [0m[36m[T][0m 	java.lang.Thread.run(Thread.java:748)[0m
2023.04.05 14:49:15 ERROR > [0m[36m[T][0m Caused by: java.nio.file.NoSuchFileException: /Users/jkmvilla/Library/Caches/Coursier/v1/https/repo1.maven.org/maven2/org/scala-lang/scala-library/2.13.10/scala-library-2.13.10.jar[0m
2023.04.05 14:49:15 ERROR > [0m[36m[T][0m 	sun.nio.fs.UnixException.translateToIOException(UnixException.java:86)[0m
2023.04.05 14:49:15 ERROR > [0m[36m[T][0m 	sun.nio.fs.UnixException.rethrowAsIOException(UnixException.java:102)[0m
2023.04.05 14:49:15 ERROR > [0m[36m[T][0m 	sun.nio.fs.UnixException.rethrowAsIOException(UnixException.java:107)[0m
2023.04.05 14:49:15 ERROR > [0m[36m[T][0m 	sun.nio.fs.UnixFileAttributeViews$Basic.readAttributes(UnixFileAttributeViews.java:55)[0m
2023.04.05 14:49:15 ERROR > [0m[36m[T][0m 	sun.nio.fs.UnixFileSystemProvider.readAttributes(UnixFileSystemProvider.java:144)[0m
2023.04.05 14:49:15 ERROR > [0m[36m[T][0m 	java.nio.file.Files.readAttributes(Files.java:1737)[0m
2023.04.05 14:49:15 ERROR > [0m[36m[T][0m 	bloop.ScalaInstance.$anonfun$hashCode$1(ScalaInstance.scala:111)[0m
2023.04.05 14:49:15 ERROR > [0m[36m[T][0m 	scala.collection.TraversableLike.$anonfun$map$1(TraversableLike.scala:286)[0m
2023.04.05 14:49:15 ERROR > [0m[36m[T][0m 	scala.collection.IndexedSeqOptimized.foreach(IndexedSeqOptimized.scala:36)[0m
2023.04.05 14:49:15 ERROR > [0m[36m[T][0m 	scala.collection.IndexedSeqOptimized.foreach$(IndexedSeqOptimized.scala:33)[0m
2023.04.05 14:49:15 ERROR > [0m[36m[T][0m 	scala.collection.mutable.WrappedArray.foreach(WrappedArray.scala:38)[0m
2023.04.05 14:49:15 ERROR > [0m[36m[T][0m 	scala.collection.TraversableLike.map(TraversableLike.scala:286)[0m
2023.04.05 14:49:15 ERROR > [0m[36m[T][0m 	scala.collection.TraversableLike.map$(TraversableLike.scala:279)[0m
2023.04.05 14:49:15 ERROR > [0m[36m[T][0m 	scala.collection.AbstractTraversable.map(Traversable.scala:108)[0m
2023.04.05 14:49:15 ERROR > [0m[36m[T][0m 	bloop.ScalaInstance.<init>(ScalaInstance.scala:107)[0m
2023.04.05 14:49:15 ERROR > [0m[36m[T][0m 	bloop.ScalaInstance$.newInstance$1(ScalaInstance.scala:180)[0m
2023.04.05 14:49:15 ERROR > [0m[36m[T][0m 	bloop.ScalaInstance$.$anonfun$apply$7(ScalaInstance.scala:185)[0m
2023.04.05 14:49:15 ERROR > [0m[36m[T][0m 	java.util.concurrent.ConcurrentHashMap.computeIfAbsent(ConcurrentHashMap.java:1660)[0m
2023.04.05 14:49:15 ERROR > [0m[36m[T][0m 	bloop.ScalaInstance$.apply(ScalaInstance.scala:185)[0m
2023.04.05 14:49:15 ERROR > [0m[36m[T][0m 	bloop.data.Project$.$anonfun$fromConfig$1(Project.scala:311)[0m
2023.04.05 14:49:15 ERROR > [0m[36m[T][0m 	scala.Option.flatMap(Option.scala:271)[0m
2023.04.05 14:49:15 ERROR > [0m[36m[T][0m 	bloop.data.Project$.fromConfig(Project.scala:306)[0m
2023.04.05 14:49:15 ERROR > [0m[36m[T][0m 	bloop.data.Project$.fromBytesAndOrigin(Project.scala:289)[0m
2023.04.05 14:49:15 ERROR > [0m[36m[T][0m 	bloop.engine.BuildLoader$.loadProject(BuildLoader.scala:248)[0m
2023.04.05 14:49:15 ERROR > [0m[36m[T][0m 	bloop.engine.BuildLoader$.$anonfun$loadBuildIncrementally$3(BuildLoader.scala:59)[0m
2023.04.05 14:49:15 ERROR > [0m[36m[T][0m 	monix.eval.internal.TaskRunLoop$.startFull(TaskRunLoop.scala:81)[0m
2023.04.05 14:49:15 ERROR > [0m[36m[T][0m 	monix.eval.internal.TaskRestartCallback.syncOnSuccess(TaskRestartCallback.scala:101)[0m
2023.04.05 14:49:15 ERROR > [0m[36m[T][0m 	monix.eval.internal.TaskRestartCallback.onSuccess(TaskRestartCallback.scala:74)[0m
2023.04.05 14:49:15 ERROR > [0m[36m[T][0m 	monix.eval.internal.TaskShift$Register$$anon$1.run(TaskShift.scala:65)[0m
2023.04.05 14:49:15 ERROR > [0m[36m[T][0m 	monix.execution.internal.InterceptRunnable.run(InterceptRunnable.scala:27)[0m
2023.04.05 14:49:15 ERROR > [0m[36m[T][0m 	java.util.concurrent.ThreadPoolExecutor.runWorker(ThreadPoolExecutor.java:1149)[0m
2023.04.05 14:49:15 ERROR > [0m[36m[T][0m 	java.util.concurrent.ThreadPoolExecutor$Worker.run(ThreadPoolExecutor.java:624)[0m
2023.04.05 14:49:15 ERROR > [0m[36m[T][0m 	java.lang.Thread.run(Thread.java:748)[0m
2023.04.05 14:49:15 ERROR error: The launcher failed to establish a bsp connection, aborting...[0m
2023.04.05 14:49:15 ERROR Failed to connect with build server, no functionality will work.
java.lang.RuntimeException: The server did not start, got FailedToOpenBspConnection
	at bloop.launcher.LauncherMain.failPromise$1(Launcher.scala:92)
	at bloop.launcher.LauncherMain.runLauncher(Launcher.scala:119)
	at scala.meta.internal.metals.BloopServers$$anon$2.run(BloopServers.scala:496)
	at java.util.concurrent.Executors$RunnableAdapter.call(Executors.java:511)
	at java.util.concurrent.FutureTask.run(FutureTask.java:266)
	at java.util.concurrent.ThreadPoolExecutor.runWorker(ThreadPoolExecutor.java:1149)
	at java.util.concurrent.ThreadPoolExecutor$Worker.run(ThreadPoolExecutor.java:624)
	at java.lang.Thread.run(Thread.java:748)
[0m
2023.04.05 14:49:27 INFO  running '/Library/Java/JavaVirtualMachines/jdk1.8.0_181.jdk/Contents/Home/bin/java -Djline.terminal=jline.UnsupportedTerminal -Dsbt.log.noformat=true -Dfile.encoding=UTF-8 -jar /var/folders/sd/b27v6s995yngxvzgwctmvjt00000gp/T/metals5486206043963337277/sbt-launch.jar -Dbloop.export-jar-classifiers=sources bloopInstall'[0m
2023.04.05 14:49:33 INFO  [info] welcome to sbt 1.7.2 (Oracle Corporation Java 1.8.0_181)[0m
2023.04.05 14:49:40 INFO  [info] loading settings for project photo-sharing-build-build-build from metals.sbt ...[0m
2023.04.05 14:49:42 INFO  [info] loading project definition from /Users/rigisidro/Documents/Development/Photo_sharing/photo-sharing/project/project/project[0m
Apr 05, 2023 2:49:46 PM org.eclipse.lsp4j.jsonrpc.services.GenericEndpoint notify
INFO: Unsupported notification method: $/setTrace
2023.04.05 14:49:49 INFO  [info] loading settings for project photo-sharing-build-build from metals.sbt ...[0m
2023.04.05 14:49:49 INFO  [info] loading project definition from /Users/rigisidro/Documents/Development/Photo_sharing/photo-sharing/project/project[0m
2023.04.05 14:49:54 INFO  [success] Generated .bloop/photo-sharing-build-build.json[0m
2023.04.05 14:49:54 INFO  [warn] Removed stale /Users/rigisidro/Documents/Development/Photo_sharing/photo-sharing/project/project/.bloop/simple-photo-sharing-build-build.json[0m
2023.04.05 14:49:54 INFO  [success] Total time: 4 s, completed 04 5, 23 2:49:54 PM[0m
2023.04.05 14:49:56 INFO  [info] loading settings for project photo-sharing-build from metals.sbt,plugins.sbt ...[0m
2023.04.05 14:49:56 INFO  [info] loading project definition from /Users/rigisidro/Documents/Development/Photo_sharing/photo-sharing/project[0m
2023.04.05 14:50:01 INFO  [success] Generated .bloop/photo-sharing-build.json[0m
2023.04.05 14:50:01 INFO  [warn] Removed stale /Users/rigisidro/Documents/Development/Photo_sharing/photo-sharing/project/.bloop/simple-photo-sharing-build.json[0m
2023.04.05 14:50:01 INFO  [success] Total time: 6 s, completed 04 5, 23 2:50:02 PM[0m
2023.04.05 14:50:08 INFO  [info] loading settings for project root from build.sbt ...[0m
2023.04.05 14:50:08 INFO  [info]   __              __[0m
2023.04.05 14:50:08 INFO  [info]   \ \     ____   / /____ _ __  __[0m
2023.04.05 14:50:08 INFO  [info]    \ \   / __ \ / // __ `// / / /[0m
2023.04.05 14:50:08 INFO  [info]    / /  / /_/ // // /_/ // /_/ /[0m
2023.04.05 14:50:08 INFO  [info]   /_/  / .___//_/ \__,_/ \__, /[0m
2023.04.05 14:50:08 INFO  [info]       /_/               /____/[0m
2023.04.05 14:50:08 INFO  [info] [0m
2023.04.05 14:50:08 INFO  [info] Version 2.8.19 running Java 1.8.0_181[0m
2023.04.05 14:50:08 INFO  [info] [0m
2023.04.05 14:50:08 INFO  [info] Play is run entirely by the community. Please consider contributing and/or donating:[0m
2023.04.05 14:50:08 INFO  [info] https://www.playframework.com/sponsors[0m
2023.04.05 14:50:08 INFO  [info] [0m
2023.04.05 14:50:18 INFO  [success] Generated .bloop/root.json[0m
2023.04.05 14:50:18 INFO  [success] Generated .bloop/root-test.json[0m
2023.04.05 14:50:18 INFO  [success] Total time: 9 s, completed 04 5, 23 2:50:18 PM[0m
2023.04.05 14:50:19 INFO  time: ran 'sbt bloopInstall' in 51s[0m
2023.04.05 14:50:19 INFO  Attempting to connect to the build server...[0m
2023.04.05 14:50:19 INFO  Bloop uses /Library/Java/JavaVirtualMachines/jdk1.8.0_181.jdk/Contents/Home defined at /Users/rigisidro/.bloop/bloop.json[0m
2023.04.05 14:50:20 INFO  tracing is disabled for protocol BSP, to enable tracing of incoming and outgoing JSON messages create an empty file at /Users/rigisidro/Documents/Development/Photo_sharing/photo-sharing/.metals/bsp.trace.json or /Users/rigisidro/Library/Caches/org.scalameta.metals/bsp.trace.json[0m
2023.04.05 14:50:20 INFO  Attempting to connect to the build server...[0m
2023.04.05 14:50:20 INFO  Bloop uses /Library/Java/JavaVirtualMachines/jdk1.8.0_181.jdk/Contents/Home defined at /Users/rigisidro/.bloop/bloop.json[0m
2023.04.05 14:50:20 INFO  Attempting to connect to the build server...[0m
2023.04.05 14:50:20 INFO  Bloop uses /Library/Java/JavaVirtualMachines/jdk1.8.0_181.jdk/Contents/Home defined at /Users/rigisidro/.bloop/bloop.json[0m
2023.04.05 14:50:20 INFO  tracing is disabled for protocol BSP, to enable tracing of incoming and outgoing JSON messages create an empty file at /Users/rigisidro/Documents/Development/Photo_sharing/photo-sharing/project/.metals/bsp.trace.json or /Users/rigisidro/Library/Caches/org.scalameta.metals/bsp.trace.json[0m
2023.04.05 14:50:21 INFO  tracing is disabled for protocol BSP, to enable tracing of incoming and outgoing JSON messages create an empty file at /Users/rigisidro/Documents/Development/Photo_sharing/photo-sharing/project/project/.metals/bsp.trace.json or /Users/rigisidro/Library/Caches/org.scalameta.metals/bsp.trace.json[0m
2023.04.05 14:50:20 INFO  time: Connected to build server in 2.09s[0m
2023.04.05 14:50:20 INFO  Connected to Build server: Bloop v1.5.6[0m
2023.04.05 14:50:21 INFO  time: Imported build in 0.42s[0m
2023.04.05 14:50:48 INFO  time: indexed workspace in 26s[0m
